<?xml version="1.0" encoding="UTF-8"?>
<!-- Generated by org.testng.reporters.JUnitXMLReporter -->
<testsuite hostname="ITRS-39" name="Test" tests="2" failures="1" timestamp="28 Jan 2019 14:18:58 GMT" time="71.225" errors="0">
  <testcase name="AddPrivatePrediction" time="7.043" classname="ShipcomGroupId.Predict_Now">
    <failure type="java.lang.AssertionError" message="expected [xyz] but found []">
      <![CDATA[java.lang.AssertionError: expected [xyz] but found []
	at ShipcomGroupId.Predict_Now.AddPrivatePrediction(Predict_Now.java:108)
... Removed 29 stack frames]]>
    </failure>
  </testcase> <!-- AddPrivatePrediction -->
  <testcase name="FBSignIn" time="34.533" classname="ShipcomGroupId.LoginByFB"/>
</testsuite> <!-- Test -->
